<?xml version="1.0" encoding="UTF-8"?>
<!-- Generated by org.testng.reporters.JUnitReportReporter -->
<testsuite hostname="DESKTOP-C2JSM5E" failures="0" tests="1" name="sql.testing.SPTesting" time="0.044" errors="0" timestamp="24 Aug 2022 11:09:55 GMT">
  <testcase classname="sql.testing.SPTesting" name="test" time="0.044"/>
</testsuite> <!-- sql.testing.SPTesting -->
