<?xml version="1.0" encoding="UTF-8"?>
<!-- Generated by org.testng.reporters.JUnitReportReporter -->
<testsuite hostname="DESKTOP-C2JSM5E" failures="0" tests="1" name="sql.testing.SeleniumTest" time="27.121" errors="0" timestamp="24 Aug 2022 13:39:00 GMT">
  <testcase classname="sql.testing.SeleniumTest" name="m1" time="27.121"/>
</testsuite> <!-- sql.testing.SeleniumTest -->
